[
  {
    "ip": "::1",
    "download_time": 5,
    "bit": "8388608.00",
    "date": 1695058805964,
    "fileSize": 5242880
  },
  {
    "ip": "::1",
    "download_time": 319,
    "bit": "525931.54",
    "date": 1695058810436,
    "fileSize": 20971520
  },
  {
    "ip": "::1",
    "download_time": 1015,
    "bit": "826463.84",
    "date": 1695058816777,
    "fileSize": 104857600
  },
  {
    "ip": "::1",
    "download_time": 3,
    "bit": "13981013.33",
    "date": 1695058822745,
    "fileSize": 5242880
  },
  {
    "ip": "::1",
    "download_time": 1,
    "bit": "167772160.00",
    "date": 1695058824709,
    "fileSize": 20971520
  },
  {
    "ip": "::1",
    "download_time": 960,
    "bit": "873813.33",
    "date": 1695058827636,
    "fileSize": 104857600
  },
  {
    "ip": "::1",
    "download_time": 1,
    "bit": "167772160.00",
    "date": 1695058837301,
    "fileSize": 20971520
  },
  {
    "ip": "::1",
    "download_time": 1,
    "bit": "41943040.00",
    "date": 1695058842141,
    "fileSize": 5242880
  },
  {
    "ip": "::1",
    "download_time": 2,
    "bit": "83886080.00",
    "date": 1695058893346,
    "fileSize": 20971520
  }
]